2021-01-21 00:18:00.511 [restartedMain] INFO  com.blog.DemoApplication - Starting DemoApplication using Java 15 on M4610-1-PC with PID 6912 (C:\Users\M4610-1\IdeaProjects\blog\target\classes started by M4610-1 in C:\Users\M4610-1\IdeaProjects\blog) 
2021-01-21 00:18:00.514 [restartedMain] DEBUG com.blog.DemoApplication - Running with Spring Boot v2.4.1, Spring v5.3.2 
2021-01-21 00:18:00.516 [restartedMain] INFO  com.blog.DemoApplication - The following profiles are active: dev 
2021-01-21 00:18:00.823 [restartedMain] INFO  o.s.b.d.env.DevToolsPropertyDefaultsPostProcessor - Devtools property defaults active! Set 'spring.devtools.add-properties' to 'false' to disable 
2021-01-21 00:18:00.824 [restartedMain] INFO  o.s.b.d.env.DevToolsPropertyDefaultsPostProcessor - For additional web related logging consider setting the 'logging.level.web' property to 'DEBUG' 
2021-01-21 00:18:02.129 [restartedMain] INFO  o.s.d.r.config.RepositoryConfigurationDelegate - Bootstrapping Spring Data JPA repositories in DEFAULT mode. 
2021-01-21 00:18:02.245 [restartedMain] INFO  o.s.d.r.config.RepositoryConfigurationDelegate - Finished Spring Data repository scanning in 49 ms. Found 0 JPA repository interfaces. 
2021-01-21 00:18:05.879 [restartedMain] INFO  o.s.boot.web.embedded.tomcat.TomcatWebServer - Tomcat initialized with port(s): 8080 (http) 
2021-01-21 00:18:05.912 [restartedMain] INFO  org.apache.coyote.http11.Http11NioProtocol - Initializing ProtocolHandler ["http-nio-8080"] 
2021-01-21 00:18:05.912 [restartedMain] INFO  org.apache.catalina.core.StandardService - Starting service [Tomcat] 
2021-01-21 00:18:05.913 [restartedMain] INFO  org.apache.catalina.core.StandardEngine - Starting Servlet engine: [Apache Tomcat/9.0.41] 
2021-01-21 00:18:06.562 [restartedMain] INFO  o.a.c.core.ContainerBase.[Tomcat].[localhost].[/] - Initializing Spring embedded WebApplicationContext 
2021-01-21 00:18:06.563 [restartedMain] INFO  o.s.b.w.s.c.ServletWebServerApplicationContext - Root WebApplicationContext: initialization completed in 5737 ms 
2021-01-21 00:18:08.320 [restartedMain] INFO  com.zaxxer.hikari.HikariDataSource - HikariPool-1 - Starting... 
2021-01-21 00:18:08.340 [restartedMain] WARN  com.zaxxer.hikari.util.DriverDataSource - Registered driver with driverClassName=com.mysql.jdbc.Driver was not found, trying direct instantiation. 
2021-01-21 00:18:08.987 [restartedMain] INFO  com.zaxxer.hikari.HikariDataSource - HikariPool-1 - Start completed. 
2021-01-21 00:18:09.289 [restartedMain] INFO  org.hibernate.jpa.internal.util.LogHelper - HHH000204: Processing PersistenceUnitInfo [name: default] 
2021-01-21 00:18:09.543 [restartedMain] INFO  org.hibernate.Version - HHH000412: Hibernate ORM core version 5.4.25.Final 
2021-01-21 00:18:09.849 [restartedMain] INFO  org.hibernate.annotations.common.Version - HCANN000001: Hibernate Commons Annotations {5.1.2.Final} 
2021-01-21 00:18:10.261 [restartedMain] INFO  org.hibernate.dialect.Dialect - HHH000400: Using dialect: org.hibernate.dialect.MySQL8Dialect 
2021-01-21 00:18:10.762 [restartedMain] INFO  o.h.e.t.jta.platform.internal.JtaPlatformInitiator - HHH000490: Using JtaPlatform implementation: [org.hibernate.engine.transaction.jta.platform.internal.NoJtaPlatform] 
2021-01-21 00:18:10.801 [restartedMain] INFO  o.s.orm.jpa.LocalContainerEntityManagerFactoryBean - Initialized JPA EntityManagerFactory for persistence unit 'default' 
2021-01-21 00:18:12.427 [restartedMain] WARN  o.s.b.a.o.j.JpaBaseConfiguration$JpaWebConfiguration - spring.jpa.open-in-view is enabled by default. Therefore, database queries may be performed during view rendering. Explicitly configure spring.jpa.open-in-view to disable this warning 
2021-01-21 00:18:14.199 [restartedMain] INFO  o.s.scheduling.concurrent.ThreadPoolTaskExecutor - Initializing ExecutorService 'applicationTaskExecutor' 
2021-01-21 00:18:14.747 [restartedMain] INFO  o.s.b.a.web.servlet.WelcomePageHandlerMapping - Adding welcome page template: index 
2021-01-21 00:18:16.472 [restartedMain] INFO  o.s.b.d.autoconfigure.OptionalLiveReloadServer - LiveReload server is running on port 35729 
2021-01-21 00:18:16.522 [restartedMain] INFO  org.apache.coyote.http11.Http11NioProtocol - Starting ProtocolHandler ["http-nio-8080"] 
2021-01-21 00:18:16.594 [restartedMain] INFO  o.s.boot.web.embedded.tomcat.TomcatWebServer - Tomcat started on port(s): 8080 (http) with context path '' 
2021-01-21 00:18:16.618 [restartedMain] INFO  com.blog.DemoApplication - Started DemoApplication in 17.314 seconds (JVM running for 20.275) 
2021-01-21 00:18:38.823 [http-nio-8080-exec-1] INFO  o.a.c.core.ContainerBase.[Tomcat].[localhost].[/] - Initializing Spring DispatcherServlet 'dispatcherServlet' 
2021-01-21 00:18:38.824 [http-nio-8080-exec-1] INFO  org.springframework.web.servlet.DispatcherServlet - Initializing Servlet 'dispatcherServlet' 
2021-01-21 00:18:38.827 [http-nio-8080-exec-1] INFO  org.springframework.web.servlet.DispatcherServlet - Completed initialization in 3 ms 
2021-01-21 00:18:38.966 [http-nio-8080-exec-1] INFO  com.blog.aspect.LogAspect - Request : RequestLog{url='http://localhost:8080/', ip='0:0:0:0:0:0:0:1', classMethod='com.blog.controller.IndexController.index', args=[]} 
2021-01-21 00:18:38.987 [http-nio-8080-exec-1] INFO  com.blog.aspect.LogAspect - Result : index  
2021-01-21 00:19:22.119 [http-nio-8080-exec-8] INFO  com.blog.aspect.LogAspect - Request : RequestLog{url='http://localhost:8080/blog', ip='0:0:0:0:0:0:0:1', classMethod='com.blog.controller.IndexController.blog', args=[]} 
2021-01-21 00:19:22.121 [http-nio-8080-exec-8] INFO  com.blog.aspect.LogAspect - Result : blog  
2021-01-21 00:20:00.943 [SpringContextShutdownHook] INFO  o.s.scheduling.concurrent.ThreadPoolTaskExecutor - Shutting down ExecutorService 'applicationTaskExecutor' 
2021-01-21 00:20:00.944 [SpringContextShutdownHook] INFO  o.s.orm.jpa.LocalContainerEntityManagerFactoryBean - Closing JPA EntityManagerFactory for persistence unit 'default' 
2021-01-21 00:20:00.948 [SpringContextShutdownHook] INFO  com.zaxxer.hikari.HikariDataSource - HikariPool-1 - Shutdown initiated... 
2021-01-21 00:20:00.966 [SpringContextShutdownHook] INFO  com.zaxxer.hikari.HikariDataSource - HikariPool-1 - Shutdown completed. 
2021-01-21 21:52:30.951 [restartedMain] INFO  com.blog.DemoApplication - Starting DemoApplication using Java 15 on M4610-1-PC with PID 10776 (C:\Users\M4610-1\IdeaProjects\blog\target\classes started by M4610-1 in C:\Users\M4610-1\IdeaProjects\blog) 
2021-01-21 21:52:30.955 [restartedMain] DEBUG com.blog.DemoApplication - Running with Spring Boot v2.4.1, Spring v5.3.2 
2021-01-21 21:52:30.955 [restartedMain] INFO  com.blog.DemoApplication - The following profiles are active: dev 
2021-01-21 21:52:31.097 [restartedMain] INFO  o.s.b.d.env.DevToolsPropertyDefaultsPostProcessor - Devtools property defaults active! Set 'spring.devtools.add-properties' to 'false' to disable 
2021-01-21 21:52:31.104 [restartedMain] INFO  o.s.b.d.env.DevToolsPropertyDefaultsPostProcessor - For additional web related logging consider setting the 'logging.level.web' property to 'DEBUG' 
2021-01-21 21:52:32.382 [restartedMain] INFO  o.s.d.r.config.RepositoryConfigurationDelegate - Bootstrapping Spring Data JPA repositories in DEFAULT mode. 
2021-01-21 21:52:32.411 [restartedMain] INFO  o.s.d.r.config.RepositoryConfigurationDelegate - Finished Spring Data repository scanning in 12 ms. Found 0 JPA repository interfaces. 
2021-01-21 21:52:34.041 [restartedMain] INFO  o.s.boot.web.embedded.tomcat.TomcatWebServer - Tomcat initialized with port(s): 8080 (http) 
2021-01-21 21:52:34.064 [restartedMain] INFO  org.apache.coyote.http11.Http11NioProtocol - Initializing ProtocolHandler ["http-nio-8080"] 
2021-01-21 21:52:34.065 [restartedMain] INFO  org.apache.catalina.core.StandardService - Starting service [Tomcat] 
2021-01-21 21:52:34.066 [restartedMain] INFO  org.apache.catalina.core.StandardEngine - Starting Servlet engine: [Apache Tomcat/9.0.41] 
2021-01-21 21:52:34.238 [restartedMain] INFO  o.a.c.core.ContainerBase.[Tomcat].[localhost].[/] - Initializing Spring embedded WebApplicationContext 
2021-01-21 21:52:34.239 [restartedMain] INFO  o.s.b.w.s.c.ServletWebServerApplicationContext - Root WebApplicationContext: initialization completed in 3118 ms 
2021-01-21 21:52:34.810 [restartedMain] INFO  com.zaxxer.hikari.HikariDataSource - HikariPool-1 - Starting... 
2021-01-21 21:52:34.821 [restartedMain] WARN  com.zaxxer.hikari.util.DriverDataSource - Registered driver with driverClassName=com.mysql.jdbc.Driver was not found, trying direct instantiation. 
2021-01-21 21:52:35.276 [restartedMain] INFO  com.zaxxer.hikari.HikariDataSource - HikariPool-1 - Start completed. 
2021-01-21 21:52:35.413 [restartedMain] INFO  org.hibernate.jpa.internal.util.LogHelper - HHH000204: Processing PersistenceUnitInfo [name: default] 
2021-01-21 21:52:35.631 [restartedMain] INFO  org.hibernate.Version - HHH000412: Hibernate ORM core version 5.4.25.Final 
2021-01-21 21:52:36.022 [restartedMain] INFO  org.hibernate.annotations.common.Version - HCANN000001: Hibernate Commons Annotations {5.1.2.Final} 
2021-01-21 21:52:36.337 [restartedMain] INFO  org.hibernate.dialect.Dialect - HHH000400: Using dialect: org.hibernate.dialect.MySQL8Dialect 
2021-01-21 21:52:36.715 [restartedMain] INFO  o.h.e.t.jta.platform.internal.JtaPlatformInitiator - HHH000490: Using JtaPlatform implementation: [org.hibernate.engine.transaction.jta.platform.internal.NoJtaPlatform] 
2021-01-21 21:52:36.732 [restartedMain] INFO  o.s.orm.jpa.LocalContainerEntityManagerFactoryBean - Initialized JPA EntityManagerFactory for persistence unit 'default' 
2021-01-21 21:52:36.954 [restartedMain] WARN  o.s.b.a.o.j.JpaBaseConfiguration$JpaWebConfiguration - spring.jpa.open-in-view is enabled by default. Therefore, database queries may be performed during view rendering. Explicitly configure spring.jpa.open-in-view to disable this warning 
2021-01-21 21:52:37.463 [restartedMain] INFO  o.s.scheduling.concurrent.ThreadPoolTaskExecutor - Initializing ExecutorService 'applicationTaskExecutor' 
2021-01-21 21:52:37.727 [restartedMain] INFO  o.s.b.a.web.servlet.WelcomePageHandlerMapping - Adding welcome page template: index 
2021-01-21 21:52:38.651 [restartedMain] INFO  o.s.b.d.autoconfigure.OptionalLiveReloadServer - LiveReload server is running on port 35729 
2021-01-21 21:52:38.684 [restartedMain] INFO  org.apache.coyote.http11.Http11NioProtocol - Starting ProtocolHandler ["http-nio-8080"] 
2021-01-21 21:52:38.740 [restartedMain] INFO  o.s.boot.web.embedded.tomcat.TomcatWebServer - Tomcat started on port(s): 8080 (http) with context path '' 
2021-01-21 21:52:38.758 [restartedMain] INFO  com.blog.DemoApplication - Started DemoApplication in 9.048 seconds (JVM running for 11.544) 
2021-01-21 21:52:44.586 [http-nio-8080-exec-1] INFO  o.a.c.core.ContainerBase.[Tomcat].[localhost].[/] - Initializing Spring DispatcherServlet 'dispatcherServlet' 
2021-01-21 21:52:44.586 [http-nio-8080-exec-1] INFO  org.springframework.web.servlet.DispatcherServlet - Initializing Servlet 'dispatcherServlet' 
2021-01-21 21:52:44.588 [http-nio-8080-exec-1] INFO  org.springframework.web.servlet.DispatcherServlet - Completed initialization in 2 ms 
2021-01-21 21:52:44.767 [http-nio-8080-exec-1] INFO  com.blog.aspect.LogAspect - Request : RequestLog{url='http://localhost:8080/', ip='0:0:0:0:0:0:0:1', classMethod='com.blog.controller.IndexController.index', args=[]} 
2021-01-21 21:52:44.793 [http-nio-8080-exec-1] INFO  com.blog.aspect.LogAspect - Result : index  
2021-01-21 21:52:55.251 [http-nio-8080-exec-4] INFO  com.blog.aspect.LogAspect - Request : RequestLog{url='http://localhost:8080/blog', ip='0:0:0:0:0:0:0:1', classMethod='com.blog.controller.IndexController.blog', args=[]} 
2021-01-21 21:52:55.253 [http-nio-8080-exec-4] INFO  com.blog.aspect.LogAspect - Result : blog  
2021-01-21 21:58:39.314 [SpringContextShutdownHook] INFO  o.s.scheduling.concurrent.ThreadPoolTaskExecutor - Shutting down ExecutorService 'applicationTaskExecutor' 
2021-01-21 21:58:39.314 [SpringContextShutdownHook] INFO  o.s.orm.jpa.LocalContainerEntityManagerFactoryBean - Closing JPA EntityManagerFactory for persistence unit 'default' 
2021-01-21 21:58:39.319 [SpringContextShutdownHook] INFO  com.zaxxer.hikari.HikariDataSource - HikariPool-1 - Shutdown initiated... 
2021-01-21 21:58:39.336 [SpringContextShutdownHook] INFO  com.zaxxer.hikari.HikariDataSource - HikariPool-1 - Shutdown completed. 
